\BOOKMARK [1][-]{deckblatt.1}{\376\377\000D\000e\000c\000k\000b\000l\000a\000t\000t}{}% 1
\BOOKMARK [1][-]{inhalt.1}{\376\377\000I\000n\000h\000a\000l\000t\000s\000v\000e\000r\000z\000e\000i\000c\000h\000n\000i\000s}{}% 2
\BOOKMARK [0][]{chapter.10}{\376\377\0001\000\040\000E\000i\000n\000f\000\374\000h\000r\000u\000n\000g\000\040\000i\000n\000\040\000d\000i\000e\000\040\000P\000r\000o\000j\000e\000k\000t\000a\000r\000b\000e\000i\000t}{}% 3
\BOOKMARK [1][-]{section.11}{\376\377\0001\000.\0001\000\040\000E\000i\000n\000o\000r\000d\000n\000u\000n\000g\000\040\000d\000i\000e\000s\000e\000r\000\040\000P\000r\000o\000j\000e\000k\000t\000a\000r\000b\000e\000i\000t\000\040\000i\000n\000\040\000d\000a\000s\000\040\000G\000e\000s\000a\000m\000t\000p\000r\000o\000j\000e\000k\000t}{chapter.10}% 4
\BOOKMARK [1][-]{section.12}{\376\377\0001\000.\0002\000\040\000Z\000i\000e\000l\000s\000e\000t\000z\000u\000n\000g\000\040\000d\000e\000r\000\040\000P\000r\000o\000j\000e\000k\000t\000a\000r\000b\000e\000i\000t}{chapter.10}% 5
\BOOKMARK [0][]{chapter.13}{\376\377\0002\000\040\000P\000l\000a\000t\000i\000n\000e\000n\000e\000n\000t\000w\000u\000r\000f}{}% 6
\BOOKMARK [1][-]{section.14}{\376\377\0002\000.\0001\000\040\000B\000l\000o\000c\000k\000s\000c\000h\000a\000l\000t\000b\000i\000l\000d}{chapter.13}% 7
\BOOKMARK [1][-]{section.17}{\376\377\0002\000.\0002\000\040\000B\000a\000u\000t\000e\000i\000l\000e}{chapter.13}% 8
\BOOKMARK [2][-]{subsection.18}{\376\377\0002\000.\0002\000.\0001\000\040\000E\000S\000P\0003\0002}{section.17}% 9
\BOOKMARK [3][-]{subsubsection.23}{\376\377\0002\000.\0002\000.\0001\000.\0001\000\040\000P\000o\000w\000e\000r\000-\000U\000p}{subsection.18}% 10
\BOOKMARK [3][-]{subsubsection.26}{\376\377\0002\000.\0002\000.\0001\000.\0002\000\040\000B\000o\000o\000t\000-\000M\000o\000d\000e}{subsection.18}% 11
\BOOKMARK [3][-]{subsubsection.29}{\376\377\0002\000.\0002\000.\0001\000.\0003\000\040\000U\000A\000R\000T\0000}{subsection.18}% 12
\BOOKMARK [3][-]{subsubsection.30}{\376\377\0002\000.\0002\000.\0001\000.\0004\000\040\000J\000T\000A\000G}{subsection.18}% 13
\BOOKMARK [3][-]{subsubsection.31}{\376\377\0002\000.\0002\000.\0001\000.\0005\000\040\000I\0002\000C}{subsection.18}% 14
\BOOKMARK [2][-]{subsection.32}{\376\377\0002\000.\0002\000.\0002\000\040\000C\000P\0002\0001\0000\0002\000N}{section.17}% 15
\BOOKMARK [2][-]{subsection.35}{\376\377\0002\000.\0002\000.\0003\000\040\000P\000o\000l\000o\000l\000u\000\040\0002\0000\000D\000\040\0006\0003\000:\0001\000\040\000G\000e\000t\000r\000i\000e\000b\000e\000m\000o\000t\000o\000r\000e\000n}{section.17}% 16
\BOOKMARK [2][-]{subsection.40}{\376\377\0002\000.\0002\000.\0004\000\040\000D\000R\000V\0008\0008\0004\0001}{section.17}% 17
\BOOKMARK [2][-]{subsection.45}{\376\377\0002\000.\0002\000.\0005\000\040\000M\000a\000r\000v\000e\000l\000m\000i\000n\000d\000\040\000M\000i\000n\000i\000-\000R\000X}{section.17}% 18
\BOOKMARK [2][-]{subsection.50}{\376\377\0002\000.\0002\000.\0006\000\040\000W\000S\0002\0008\0001\0005\000B}{section.17}% 19
\BOOKMARK [2][-]{subsection.53}{\376\377\0002\000.\0002\000.\0007\000\040\000P\000I\0004\000U\000L\000S\0005\000V\0002\0000\0001}{section.17}% 20
\BOOKMARK [2][-]{subsection.54}{\376\377\0002\000.\0002\000.\0008\000\040\000T\000P\000S\0005\0004\0003\0003\0001}{section.17}% 21
\BOOKMARK [1][-]{section.57}{\376\377\0002\000.\0003\000\040\000S\000c\000h\000a\000l\000t\000p\000l\000a\000n}{chapter.13}% 22
\BOOKMARK [2][-]{subsection.58}{\376\377\0002\000.\0003\000.\0001\000\040\000H\000a\000u\000p\000t\000s\000c\000h\000a\000l\000t\000e\000r\000\040\000u\000n\000d\000\040\000V\000e\000r\000p\000o\000l\000u\000n\000g\000s\000s\000c\000h\000u\000t\000z}{section.57}% 23
\BOOKMARK [2][-]{subsection.61}{\376\377\0002\000.\0003\000.\0002\000\040\000E\000i\000n\000g\000a\000n\000g\000s\000q\000u\000e\000l\000l\000e\000n\000s\000c\000h\000u\000t\000z}{section.57}% 24
\BOOKMARK [2][-]{subsection.64}{\376\377\0002\000.\0003\000.\0003\000\040\000R\000e\000s\000e\000t\000-\000\040\000u\000n\000d\000\040\000B\000o\000o\000t\000m\000o\000d\000e\000s\000c\000h\000a\000l\000t\000u\000n\000g}{section.57}% 25
\BOOKMARK [1][-]{section.67}{\376\377\0002\000.\0004\000\040\000L\000a\000y\000o\000u\000t}{chapter.13}% 26
\BOOKMARK [1][-]{section.72}{\376\377\0002\000.\0005\000\040\000D\000e\000s\000i\000g\000n\000f\000e\000h\000l\000e\000r}{chapter.13}% 27
\BOOKMARK [2][-]{subsection.73}{\376\377\0002\000.\0005\000.\0001\000\040\0003\000.\0003\000V\000\040\000S\000p\000a\000n\000n\000u\000n\000g\000s\000w\000a\000n\000d\000l\000e\000r}{section.72}% 28
\BOOKMARK [2][-]{subsection.74}{\376\377\0002\000.\0005\000.\0002\000\040\000C\000P\0002\0001\0000\0002\000N\000\040\000S\000t\000r\000o\000m\000v\000e\000r\000s\000o\000r\000g\000u\000n\000g}{section.72}% 29
\BOOKMARK [2][-]{subsection.79}{\376\377\0002\000.\0005\000.\0003\000\040\000U\000S\000B\000-\000C\000\040\000A\000n\000s\000c\000h\000l\000u\000s\000s}{section.72}% 30
\BOOKMARK [1][-]{section.80}{\376\377\0002\000.\0006\000\040\000V\000e\000r\000b\000e\000s\000s\000e\000r\000u\000n\000g\000e\000n}{chapter.13}% 31
\BOOKMARK [0][]{chapter.81}{\376\377\0003\000\040\0003\000D\000-\000R\000o\000b\000o\000t\000e\000r\000d\000e\000s\000i\000g\000n}{}% 32
\BOOKMARK [0][]{chapter.88}{\376\377\0004\000\040\000S\000y\000s\000t\000e\000m\000a\000r\000c\000h\000i\000t\000e\000k\000t\000u\000r}{}% 33
\BOOKMARK [1][-]{section.89}{\376\377\0004\000.\0001\000\040\000\334\000b\000e\000r\000b\000l\000i\000c\000k}{chapter.88}% 34
\BOOKMARK [1][-]{section.92}{\376\377\0004\000.\0002\000\040\000A\000p\000p\000l\000i\000k\000a\000t\000i\000o\000n\000s\000p\000r\000o\000t\000o\000k\000o\000l\000l}{chapter.88}% 35
\BOOKMARK [2][-]{subsection.93}{\376\377\0004\000.\0002\000.\0001\000\040\000D\000a\000t\000e\000n\000p\000a\000k\000e\000t\000e}{section.92}% 36
\BOOKMARK [3][-]{subsubsection.96}{\376\377\0004\000.\0002\000.\0001\000.\0001\000\040\000I\000n\000i\000t\000i\000a\000l\000i\000s\000i\000e\000r\000u\000n\000g\000s\000p\000a\000k\000e\000t}{subsection.93}% 37
\BOOKMARK [3][-]{subsubsection.97}{\376\377\0004\000.\0002\000.\0001\000.\0002\000\040\000A\000d\000v\000e\000r\000t\000i\000s\000e\000\040\000P\000a\000k\000e\000t}{subsection.93}% 38
\BOOKMARK [3][-]{subsubsection.98}{\376\377\0004\000.\0002\000.\0001\000.\0003\000\040\000S\000u\000b\000s\000c\000r\000i\000b\000e\000\040\000P\000a\000k\000e\000t}{subsection.93}% 39
\BOOKMARK [3][-]{subsubsection.99}{\376\377\0004\000.\0002\000.\0001\000.\0004\000\040\000K\000e\000e\000p\000-\000A\000l\000i\000v\000e\000\040\000P\000a\000k\000e\000t}{subsection.93}% 40
\BOOKMARK [3][-]{subsubsection.100}{\376\377\0004\000.\0002\000.\0001\000.\0005\000\040\000P\000u\000b\000l\000i\000s\000h\000\040\000P\000a\000k\000e\000t}{subsection.93}% 41
\BOOKMARK [2][-]{subsection.101}{\376\377\0004\000.\0002\000.\0002\000\040\000A\000n\000w\000e\000n\000d\000u\000n\000g\000s\000b\000e\000i\000s\000p\000i\000e\000l}{section.92}% 42
\BOOKMARK [0][]{chapter.104}{\376\377\0005\000\040\000S\000o\000f\000t\000w\000a\000r\000e\000a\000r\000c\000h\000i\000t\000e\000k\000t\000u\000r\000\040\000a\000u\000f\000\040\000d\000e\000m\000\040\000E\000S\000P\0003\0002}{}% 43
\BOOKMARK [1][-]{section.105}{\376\377\0005\000.\0001\000\040\000E\000S\000P\000-\000I\000D\000F}{chapter.104}% 44
\BOOKMARK [1][-]{section.106}{\376\377\0005\000.\0002\000\040\000\334\000b\000e\000r\000b\000l\000i\000c\000k}{chapter.104}% 45
\BOOKMARK [1][-]{section.109}{\376\377\0005\000.\0003\000\040\000W\000i\000f\000i}{chapter.104}% 46
\BOOKMARK [1][-]{section.110}{\376\377\0005\000.\0004\000\040\000S\000o\000c\000k\000e\000t}{chapter.104}% 47
\BOOKMARK [1][-]{section.111}{\376\377\0005\000.\0005\000\040\000R\000o\000s\000B\000r\000i\000d\000g\000e\000C\000l\000i\000e\000n\000t}{chapter.104}% 48
\BOOKMARK [2][-]{subsection.114}{\376\377\0005\000.\0005\000.\0001\000\040\000P\000u\000b\000l\000i\000s\000h\000e\000r\000\040\000u\000n\000d\000\040\000S\000u\000b\000s\000c\000r\000i\000b\000e\000r\000I\000m\000p\000l}{section.111}% 49
\BOOKMARK [2][-]{subsection.115}{\376\377\0005\000.\0005\000.\0002\000\040\000N\000o\000d\000e\000H\000a\000n\000d\000l\000e}{section.111}% 50
\BOOKMARK [1][-]{section.118}{\376\377\0005\000.\0006\000\040\000R\000o\000s\000M\000s\000g\000s}{chapter.104}% 51
\BOOKMARK [1][-]{section.119}{\376\377\0005\000.\0007\000\040\000M\000o\000t\000o\000r\000C\000o\000n\000t\000r\000o\000l\000l\000e\000r}{chapter.104}% 52
\BOOKMARK [2][-]{subsection.122}{\376\377\0005\000.\0007\000.\0001\000\040\000M\000o\000t\000o\000r}{section.119}% 53
\BOOKMARK [2][-]{subsection.123}{\376\377\0005\000.\0007\000.\0002\000\040\000M\000o\000t\000o\000r\000C\000o\000n\000t\000r\000o\000l\000l\000e\000r}{section.119}% 54
\BOOKMARK [1][-]{section.124}{\376\377\0005\000.\0008\000\040\000O\000u\000t\000p\000u\000t\000V\000e\000l\000o\000c\000i\000t\000y}{chapter.104}% 55
\BOOKMARK [2][-]{subsection.127}{\376\377\0005\000.\0008\000.\0001\000\040\000O\000u\000p\000u\000t\000V\000e\000l\000o\000c\000i\000t\000y\000I\000m\000p\000l}{section.124}% 56
\BOOKMARK [2][-]{subsection.128}{\376\377\0005\000.\0008\000.\0002\000\040\000O\000u\000t\000p\000u\000t\000V\000e\000l\000o\000c\000i\000t\000y\000S\000i\000m}{section.124}% 57
\BOOKMARK [1][-]{section.129}{\376\377\0005\000.\0009\000\040\000S\000e\000n\000s\000o\000r\000P\000o\000s\000e}{chapter.104}% 58
\BOOKMARK [2][-]{subsection.132}{\376\377\0005\000.\0009\000.\0001\000\040\000S\000e\000n\000s\000o\000r\000P\000o\000s\000e}{section.129}% 59
\BOOKMARK [2][-]{subsection.133}{\376\377\0005\000.\0009\000.\0002\000\040\000K\000a\000l\000m\000a\000n\000F\000i\000l\000t\000e\000r}{section.129}% 60
\BOOKMARK [2][-]{subsection.141}{\376\377\0005\000.\0009\000.\0003\000\040\000K\000a\000l\000m\000a\000n\000S\000e\000n\000s\000o\000r}{section.129}% 61
\BOOKMARK [2][-]{subsection.142}{\376\377\0005\000.\0009\000.\0004\000\040\000M\000a\000r\000v\000e\000l\000m\000i\000n\000d}{section.129}% 62
\BOOKMARK [2][-]{subsection.145}{\376\377\0005\000.\0009\000.\0005\000\040\000S\000e\000n\000s\000o\000r\000P\000o\000s\000e\000S\000i\000m}{section.129}% 63
\BOOKMARK [1][-]{section.146}{\376\377\0005\000.\0001\0000\000\040\000P\000o\000s\000i\000t\000i\000o\000n\000C\000o\000n\000t\000r\000o\000l\000l\000e\000r}{chapter.104}% 64
\BOOKMARK [2][-]{subsection.149}{\376\377\0005\000.\0001\0000\000.\0001\000\040\000C\000o\000n\000t\000r\000o\000l\000l\000e\000r\000M\000a\000s\000t\000e\000r}{section.146}% 65
\BOOKMARK [2][-]{subsection.150}{\376\377\0005\000.\0001\0000\000.\0002\000\040\000P\000o\000s\000i\000t\000i\000o\000n\000C\000o\000n\000t\000r\000o\000l\000l\000e\000r}{section.146}% 66
\BOOKMARK [2][-]{subsection.151}{\376\377\0005\000.\0001\0000\000.\0003\000\040\000p\0002\000p\000C\000o\000n\000t\000r\000o\000l\000l\000e\000r}{section.146}% 67
\BOOKMARK [2][-]{subsection.152}{\376\377\0005\000.\0001\0000\000.\0004\000\040\000a\000p\000p\000r\000o\000x\000L\000i\000n\000-\000,\000\040\000s\000t\000a\000t\000I\000n\000O\000u\000t\000L\000i\000n\000-\000,\000\040\000d\000y\000n\000I\000n\000O\000u\000t\000L\000i\000n\000C\000o\000n\000t\000r\000o\000l\000l\000e\000r}{section.146}% 68
\BOOKMARK [1][-]{section.153}{\376\377\0005\000.\0001\0001\000\040\000S\000t\000a\000t\000e\000M\000a\000c\000h\000i\000n\000e}{chapter.104}% 69
\BOOKMARK [0][]{chapter.158}{\376\377\0006\000\040\000R\000O\000S}{}% 70
\BOOKMARK [1][-]{section.159}{\376\377\0006\000.\0001\000\040\000S\000o\000f\000t\000w\000a\000r\000e\000a\000r\000c\000h\000i\000t\000e\000k\000t\000u\000r\000\040\000i\000n\000\040\000R\000O\000S}{chapter.158}% 71
\BOOKMARK [1][-]{section.160}{\376\377\0006\000.\0002\000\040\000r\000o\000s\000b\000r\000i\000d\000g\000e\000-\000s\000e\000r\000v\000e\000r}{chapter.158}% 72
\BOOKMARK [1][-]{section.161}{\376\377\0006\000.\0003\000\040\000T\000r\000a\000j\000e\000k\000t\000o\000r\000i\000e\000n\000p\000l\000a\000n\000u\000n\000g}{chapter.158}% 73
\BOOKMARK [0][]{chapter.162}{\376\377\0007\000\040\000R\000O\000S\000-\000T\000r\000a\000j\000e\000k\000t\000o\000r\000i\000e}{}% 74
\BOOKMARK [1][-]{section.163}{\376\377\0007\000.\0001\000\040\000T\000r\000a\000j\000e\000k\000t\000o\000r\000i\000e\000n\000p\000l\000a\000n\000u\000n\000g}{chapter.162}% 75
\BOOKMARK [0][]{chapter.164}{\376\377\0008\000\040\000M\000a\000r\000v\000e\000l\000m\000i\000n\000d}{}% 76
\BOOKMARK [1][-]{section.165}{\376\377\0008\000.\0001\000\040\000M\000a\000r\000v\000e\000l\000m\000i\000n\000d\000-\000A\000u\000f\000b\000a\000u}{chapter.164}% 77
\BOOKMARK [1][-]{section.166}{\376\377\0008\000.\0002\000\040\000P\000r\000o\000b\000l\000e\000m\000e\000\040\000i\000n\000\040\000d\000e\000r\000\040\000N\000u\000t\000z\000u\000n\000g\000\040\000v\000o\000n\000\040\000M\000a\000r\000v\000e\000l\000m\000i\000n\000d}{chapter.164}% 78
\BOOKMARK [0][]{chapter.167}{\376\377\0009\000\040\000D\000o\000c\000k\000e\000r}{}% 79
\BOOKMARK [1][-]{section.168}{\376\377\0009\000.\0001\000\040\000D\000o\000c\000k\000e\000r}{chapter.167}% 80
\BOOKMARK [2][-]{subsection.169}{\376\377\0009\000.\0001\000.\0001\000\040\000E\000i\000n\000f\000\374\000h\000r\000u\000n\000g\000\040\000u\000n\000d\000\040\000F\000u\000n\000k\000t\000i\000o\000n\000\040\000v\000o\000n\000\040\000D\000o\000c\000k\000e\000r}{section.168}% 81
\BOOKMARK [1][-]{section.172}{\376\377\0009\000.\0002\000\040\000I\000n\000s\000t\000a\000l\000l\000a\000t\000i\000o\000n\000\040\000v\000o\000n\000\040\000D\000o\000c\000k\000e\000r\000-\000D\000e\000s\000k\000t\000o\000p}{chapter.167}% 82
\BOOKMARK [1][-]{section.176}{\376\377\0009\000.\0003\000\040\000U\000n\000s\000e\000r\000e\000\040\000V\000e\000r\000w\000e\000n\000d\000u\000n\000g\000\040\000v\000o\000n\000\040\000D\000o\000c\000k\000e\000r}{chapter.167}% 83
\BOOKMARK [2][-]{subsection.177}{\376\377\0009\000.\0003\000.\0001\000\040\000D\000o\000c\000k\000e\000r\000-\000C\000o\000m\000p\000o\000s\000e}{section.176}% 84
\BOOKMARK [2][-]{subsection.218}{\376\377\0009\000.\0003\000.\0002\000\040\000D\000o\000c\000k\000e\000r\000f\000i\000l\000e}{section.176}% 85
\BOOKMARK [0][]{chapter.227}{\376\377\0001\0000\000\040\000W\000e\000b\000-\000A\000p\000p}{}% 86
\BOOKMARK [1][-]{section.228}{\376\377\0001\0000\000.\0001\000\040\000R\000e\000a\000c\000t}{chapter.227}% 87
\BOOKMARK [0][]{chapter.229}{\376\377\0001\0001\000\040\000F\000a\000z\000i\000t\000\040\000\046\000\040\000A\000u\000s\000b\000l\000i\000c\000k}{}% 88
\BOOKMARK [1][-]{section.230}{\376\377\0001\0001\000.\0001\000\040\000F\000a\000z\000i\000t}{chapter.229}% 89
\BOOKMARK [1][-]{section.231}{\376\377\0001\0001\000.\0002\000\040\000A\000u\000s\000b\000l\000i\000c\000k}{chapter.229}% 90
\BOOKMARK [1][-]{section.233}{\376\377\0001\0001\000.\0003\000\040\000E\000i\000d\000e\000s\000s\000t\000a\000t\000t\000l\000i\000c\000h\000e\000\040\000E\000r\000k\000l\000\344\000r\000u\000n\000g}{chapter.229}% 91
